<?xml version="1.0" encoding="UTF-8"?>
<testng-results ignored="0" total="1" passed="1" failed="0" skipped="0">
  <reporter-output>
  </reporter-output>
  <suite started-at="2026-05-15T20:56:03 IST" name="Default suite" finished-at="2026-05-15T20:56:15 IST" duration-ms="12000">
    <groups>
      <group name="cucumber">
        <method signature="AbstractTestNGCucumberTests.runScenario(io.cucumber.testng.PickleWrapper,io.cucumber.testng.FeatureWrapper)[pri:0, instance:Exercise3.Run2@2362f559]" name="runScenario" class="io.cucumber.testng.AbstractTestNGCucumberTests"/>
      </group> <!-- cucumber -->
    </groups>
    <test started-at="2026-05-15T20:56:03 IST" name="Default test" finished-at="2026-05-15T20:56:15 IST" duration-ms="12000">
      <class name="Exercise3.Run2">
        <test-method is-config="true" signature="setUpClass(org.testng.ITestContext)[pri:0, instance:Exercise3.Run2@2362f559]" started-at="2026-05-15T20:56:03 IST" name="setUpClass" finished-at="2026-05-15T20:56:03 IST" duration-ms="287" status="PASS">
          <params>
            <param index="0">
              <value>
                <![CDATA[org.testng.TestRunner@5eeedb60]]>
              </value>
            </param>
          </params>
          <reporter-output>
          </reporter-output>
        </test-method> <!-- setUpClass -->
        <test-method signature="runScenario(io.cucumber.testng.PickleWrapper,io.cucumber.testng.FeatureWrapper)[pri:0, instance:Exercise3.Run2@2362f559]" started-at="2026-05-15T20:56:03 IST" name="runScenario" description="Runs Cucumber Scenarios" data-provider="scenarios" finished-at="2026-05-15T20:56:15 IST" duration-ms="11651" status="PASS">
          <params>
            <param index="0">
              <value>
                <![CDATA["Validating herokuapp checkboxes"]]>
              </value>
            </param>
            <param index="1">
              <value>
                <![CDATA["Internet herokuapp"]]>
              </value>
            </param>
          </params>
          <reporter-output>
          </reporter-output>
        </test-method> <!-- runScenario -->
        <test-method is-config="true" signature="tearDownClass()[pri:0, instance:Exercise3.Run2@2362f559]" started-at="2026-05-15T20:56:15 IST" name="tearDownClass" finished-at="2026-05-15T20:56:15 IST" duration-ms="5" status="PASS">
          <reporter-output>
          </reporter-output>
        </test-method> <!-- tearDownClass -->
      </class> <!-- Exercise3.Run2 -->
    </test> <!-- Default test -->
  </suite> <!-- Default suite -->
</testng-results>
