<?xml version="1.0" encoding="UTF-8"?>
<!-- Generated by org.testng.reporters.JUnitReportReporter -->
<testsuite hostname="My_Lap" failures="0" tests="5" name="Exercise1.Runner" time="0.216" errors="0" timestamp="2026-05-04T12:28:00 IST" skipped="0">
  <testcase classname="Exercise1.Runner" name="runScenario" time="0.009"/>
  <testcase classname="Exercise1.Runner" name="runScenario" time="0.008"/>
  <testcase classname="Exercise1.Runner" name="runScenario" time="0.015"/>
  <testcase classname="Exercise1.Runner" name="runScenario" time="0.170"/>
  <testcase classname="Exercise1.Runner" name="runScenario" time="0.014"/>
</testsuite> <!-- Exercise1.Runner -->
